0 info it worked if it ends with ok
1 verbose cli [ '/Users/jeremynagel/.nvm/versions/node/v5.4.0/bin/node',
1 verbose cli   '/Users/jeremynagel/.nvm/versions/node/v5.4.0/bin/npm',
1 verbose cli   'run',
1 verbose cli   'test' ]
2 info using npm@3.3.12
3 info using node@v5.4.0
4 verbose run-script [ 'pretest', 'test', 'posttest' ]
5 info lifecycle jeremy_JS_dev_tech_test@1.0.0~pretest: jeremy_JS_dev_tech_test@1.0.0
6 silly lifecycle jeremy_JS_dev_tech_test@1.0.0~pretest: no script for pretest, continuing
7 info lifecycle jeremy_JS_dev_tech_test@1.0.0~test: jeremy_JS_dev_tech_test@1.0.0
8 verbose lifecycle jeremy_JS_dev_tech_test@1.0.0~test: unsafe-perm in lifecycle true
9 verbose lifecycle jeremy_JS_dev_tech_test@1.0.0~test: PATH: /Users/jeremynagel/.nvm/versions/node/v5.4.0/lib/node_modules/npm/bin/node-gyp-bin:/Users/jeremynagel/Documents/dev/personal/sleeponit/JSDevTechTest/node_modules/.bin:/Users/jeremynagel/.nvm/versions/node/v5.4.0/bin:/usr/local/bin:/usr/bin:/bin:/usr/sbin:/sbin:/Users/jeremynagel/salt-developer/scripts
10 verbose lifecycle jeremy_JS_dev_tech_test@1.0.0~test: CWD: /Users/jeremynagel/Documents/dev/personal/sleeponit/JSDevTechTest
11 silly lifecycle jeremy_JS_dev_tech_test@1.0.0~test: Args: [ '-c', 'babel-tape-runner test/tape/*.js' ]
12 silly lifecycle jeremy_JS_dev_tech_test@1.0.0~test: Returned: code: 1  signal: null
13 info lifecycle jeremy_JS_dev_tech_test@1.0.0~test: Failed to exec test script
14 verbose stack Error: jeremy_JS_dev_tech_test@1.0.0 test: `babel-tape-runner test/tape/*.js`
14 verbose stack Exit status 1
14 verbose stack     at EventEmitter.<anonymous> (/Users/jeremynagel/.nvm/versions/node/v5.4.0/lib/node_modules/npm/lib/utils/lifecycle.js:232:16)
14 verbose stack     at emitTwo (events.js:87:13)
14 verbose stack     at EventEmitter.emit (events.js:172:7)
14 verbose stack     at ChildProcess.<anonymous> (/Users/jeremynagel/.nvm/versions/node/v5.4.0/lib/node_modules/npm/lib/utils/spawn.js:24:14)
14 verbose stack     at emitTwo (events.js:87:13)
14 verbose stack     at ChildProcess.emit (events.js:172:7)
14 verbose stack     at maybeClose (internal/child_process.js:821:16)
14 verbose stack     at Process.ChildProcess._handle.onexit (internal/child_process.js:211:5)
15 verbose pkgid jeremy_JS_dev_tech_test@1.0.0
16 verbose cwd /Users/jeremynagel/Documents/dev/personal/sleeponit/JSDevTechTest
17 error Darwin 14.5.0
18 error argv "/Users/jeremynagel/.nvm/versions/node/v5.4.0/bin/node" "/Users/jeremynagel/.nvm/versions/node/v5.4.0/bin/npm" "run" "test"
19 error node v5.4.0
20 error npm  v3.3.12
21 error code ELIFECYCLE
22 error jeremy_JS_dev_tech_test@1.0.0 test: `babel-tape-runner test/tape/*.js`
22 error Exit status 1
23 error Failed at the jeremy_JS_dev_tech_test@1.0.0 test script 'babel-tape-runner test/tape/*.js'.
23 error Make sure you have the latest version of node.js and npm installed.
23 error If you do, this is most likely a problem with the jeremy_JS_dev_tech_test package,
23 error not with npm itself.
23 error Tell the author that this fails on your system:
23 error     babel-tape-runner test/tape/*.js
23 error You can get their info via:
23 error     npm owner ls jeremy_JS_dev_tech_test
23 error There is likely additional logging output above.
24 verbose exit [ 1, true ]
